  Application.cpp
C:\Users\Ismael\Documents\GitHub\Proyecto_1_HIMA\Project_7_Handout\Source\Animation.h(54,19): warning C4244: 'inicializando': conversión de 'const float' a 'int'; posible pérdida de datos
C:\Users\Ismael\Documents\GitHub\Proyecto_1_HIMA\Project_7_Handout\Source\Animation.h(56,30): warning C4244: '=': conversión de 'float' a 'int'; posible pérdida de datos
  Collider.cpp
  Enemy.cpp
C:\Users\Ismael\Documents\GitHub\Proyecto_1_HIMA\Project_7_Handout\Source\Animation.h(54,19): warning C4244: 'inicializando': conversión de 'const float' a 'int'; posible pérdida de datos
C:\Users\Ismael\Documents\GitHub\Proyecto_1_HIMA\Project_7_Handout\Source\Animation.h(56,30): warning C4244: '=': conversión de 'float' a 'int'; posible pérdida de datos
  Enemy_BrownShip.cpp
C:\Users\Ismael\Documents\GitHub\Proyecto_1_HIMA\Project_7_Handout\Source\Animation.h(54,19): warning C4244: 'inicializando': conversión de 'const float' a 'int'; posible pérdida de datos
C:\Users\Ismael\Documents\GitHub\Proyecto_1_HIMA\Project_7_Handout\Source\Animation.h(56,30): warning C4244: '=': conversión de 'float' a 'int'; posible pérdida de datos
  Enemy_RedBird.cpp
C:\Users\Ismael\Documents\GitHub\Proyecto_1_HIMA\Project_7_Handout\Source\Animation.h(54,19): warning C4244: 'inicializando': conversión de 'const float' a 'int'; posible pérdida de datos
C:\Users\Ismael\Documents\GitHub\Proyecto_1_HIMA\Project_7_Handout\Source\Animation.h(56,30): warning C4244: '=': conversión de 'float' a 'int'; posible pérdida de datos
C:\Users\Ismael\Documents\GitHub\Proyecto_1_HIMA\Project_7_Handout\Source\Enemy_RedBird.cpp(27,26): warning C4244: '=': conversión de 'float' a 'TYPE'; posible pérdida de datos
          with
          [
              TYPE=int
          ]
  Globals.cpp
  Main.cpp
  Mech.cpp
C:\Users\Ismael\Documents\GitHub\Proyecto_1_HIMA\Project_7_Handout\Source\Animation.h(54,19): warning C4244: 'inicializando': conversión de 'const float' a 'int'; posible pérdida de datos
C:\Users\Ismael\Documents\GitHub\Proyecto_1_HIMA\Project_7_Handout\Source\Animation.h(56,30): warning C4244: '=': conversión de 'float' a 'int'; posible pérdida de datos
  Module.cpp
  ModuleAudio.cpp
  ModuleCollisions.cpp
  ModuleEnemies.cpp
C:\Users\Ismael\Documents\GitHub\Proyecto_1_HIMA\Project_7_Handout\Source\Animation.h(54,19): warning C4244: 'inicializando': conversión de 'const float' a 'int'; posible pérdida de datos
C:\Users\Ismael\Documents\GitHub\Proyecto_1_HIMA\Project_7_Handout\Source\Animation.h(56,30): warning C4244: '=': conversión de 'float' a 'int'; posible pérdida de datos
  ModuleInput.cpp
  ModuleParticles.cpp
C:\Users\Ismael\Documents\GitHub\Proyecto_1_HIMA\Project_7_Handout\Source\Animation.h(54,19): warning C4244: 'inicializando': conversión de 'const float' a 'int'; posible pérdida de datos
C:\Users\Ismael\Documents\GitHub\Proyecto_1_HIMA\Project_7_Handout\Source\Animation.h(56,30): warning C4244: '=': conversión de 'float' a 'int'; posible pérdida de datos
  ModulePlayer.cpp
C:\Users\Ismael\Documents\GitHub\Proyecto_1_HIMA\Project_7_Handout\Source\Animation.h(54,19): warning C4244: 'inicializando': conversión de 'const float' a 'int'; posible pérdida de datos
C:\Users\Ismael\Documents\GitHub\Proyecto_1_HIMA\Project_7_Handout\Source\Animation.h(56,30): warning C4244: '=': conversión de 'float' a 'int'; posible pérdida de datos
  ModuleRender.cpp
  ModuleScene.cpp
C:\Users\Ismael\Documents\GitHub\Proyecto_1_HIMA\Project_7_Handout\Source\Animation.h(54,19): warning C4244: 'inicializando': conversión de 'const float' a 'int'; posible pérdida de datos
C:\Users\Ismael\Documents\GitHub\Proyecto_1_HIMA\Project_7_Handout\Source\Animation.h(56,30): warning C4244: '=': conversión de 'float' a 'int'; posible pérdida de datos
C:\Users\Ismael\Documents\GitHub\Proyecto_1_HIMA\Project_7_Handout\Source\ModuleScene.cpp(83,70): warning C4244: 'argumento': conversión de 'int' a 'float'; posible pérdida de datos
C:\Users\Ismael\Documents\GitHub\Proyecto_1_HIMA\Project_7_Handout\Source\ModuleScene.cpp(84,76): warning C4244: 'argumento': conversión de 'int' a 'float'; posible pérdida de datos
C:\Users\Ismael\Documents\GitHub\Proyecto_1_HIMA\Project_7_Handout\Source\ModuleScene.cpp(85,76): warning C4244: 'argumento': conversión de 'int' a 'float'; posible pérdida de datos
  ModuleTextures.cpp
  ModuleWindow.cpp
  Particle.cpp
C:\Users\Ismael\Documents\GitHub\Proyecto_1_HIMA\Project_7_Handout\Source\Animation.h(54,19): warning C4244: 'inicializando': conversión de 'const float' a 'int'; posible pérdida de datos
C:\Users\Ismael\Documents\GitHub\Proyecto_1_HIMA\Project_7_Handout\Source\Animation.h(56,30): warning C4244: '=': conversión de 'float' a 'int'; posible pérdida de datos
C:\Users\Ismael\Documents\GitHub\Proyecto_1_HIMA\Project_7_Handout\Source\Particle.cpp(39,19): warning C4018: '>=': no coinciden signed/unsigned
  Generando código...
  Compilando...
  Path.cpp
C:\Users\Ismael\Documents\GitHub\Proyecto_1_HIMA\Project_7_Handout\Source\Animation.h(54,19): warning C4244: 'inicializando': conversión de 'const float' a 'int'; posible pérdida de datos
C:\Users\Ismael\Documents\GitHub\Proyecto_1_HIMA\Project_7_Handout\Source\Animation.h(56,30): warning C4244: '=': conversión de 'float' a 'int'; posible pérdida de datos
  Generando código...
  LINK : no se encontró C:\Users\Ismael\Documents\GitHub\Proyecto_1_HIMA\Debug\Project_7_Handout.exe o no lo generó el último vínculo incremental; ejecutando vínculo completo
  Project_7_Handout.vcxproj -> C:\Users\Ismael\Documents\GitHub\Proyecto_1_HIMA\Debug\Project_7_Handout.exe
